[2020/09/24-12:25:56] [i] rfxclock is running.
[2020/09/24-12:25:56] [i] No congestion collapse predicted.
[2020/09/24-12:25:56] [i] ionwarn finished.
[2020/09/24-12:25:57] [i] This node deploys bundle protocol version 6.
[2020/09/24-12:25:57] [?] Can't find ION security database.
[2020/09/24-12:25:57] [?] Warning: running without bundle security.
[2020/09/24-12:25:57] [?] Can't find ION security database.
[2020/09/24-12:25:57] [i] tcpclo is deprecated.  tcpcl outducts are now drained by tcpcli threads.
[2020/09/24-12:25:57] [?] Can't find ION security database.
[2020/09/24-12:25:57] [i] ipnadminep is running.
[2020/09/24-12:25:57] [?] Can't find ION security database.
[2020/09/24-12:25:57] [i] ipnfw is running.
[2020/09/24-12:25:57] [?] Can't find ION security database.
[2020/09/24-12:25:57] at line 2896 of bpv6/tcp/tcpcli.c, Can't initialize TCP server socket: Cannot assign requested address
[2020/09/24-12:25:57] [?] Can't find ION security database.
[2020/09/24-12:25:57] [i] bpclock is running.
[2020/09/24-12:25:57] [?] Can't find ION security database.
[2020/09/24-12:25:57] [i] bptransit is running.
[2020/09/24-12:25:58] [i] No congestion collapse predicted.
[2020/09/24-12:25:58] [i] ionwarn finished.
[2020/09/24-12:25:58] [?] Can't find ION security database.
[2020/09/24-12:25:58] [?] Unknown duct: tcp/172.32.230.229:4556
[2020/09/24-12:25:58] [?]   Attaching duct to plan: ipn:2.0
[2020/09/24-12:25:58] [?] Can't find ION security database.
[2020/09/24-12:25:58] [i] bpclm is running: ipn:1.0
[2020/09/24-12:25:58] [?] Can't find ION security database.
[2020/09/24-12:25:58] [i] bpclm is running: ipn:2.0
[2020/09/24-12:25:58] [x] src from 1970/01/01-00:00:00 to 2020/09/24-12:25:58: (0) 0 0 (1) 0 0 (2) 0 0 (+) 0 0
[2020/09/24-12:25:58] [x] fwd from 1970/01/01-00:00:00 to 2020/09/24-12:25:58: (0) 0 0 (1) 0 0 (2) 0 0 (+) 0 0
[2020/09/24-12:25:58] [x] xmt from 1970/01/01-00:00:00 to 2020/09/24-12:25:58: (0) 0 0 (1) 0 0 (2) 0 0 (+) 0 0
[2020/09/24-12:25:58] [x] rcv from 1970/01/01-00:00:00 to 2020/09/24-12:25:58: (0) 0 0 (1) 0 0 (2) 0 0 (+) 0 0
[2020/09/24-12:25:58] [x] dlv from 1970/01/01-00:00:00 to 2020/09/24-12:25:58: (0) 0 0 (1) 0 0 (2) 0 0 (+) 0 0
[2020/09/24-12:25:58] [x] ctr from 1970/01/01-00:00:00 to 2020/09/24-12:25:58: (0) 0 0 (1) 0 0 (2) 0 0 (+) 0 0
[2020/09/24-12:25:58] [x] rfw from 1970/01/01-00:00:00 to 2020/09/24-12:25:58: (0) 0 0 (1) 0 0 (2) 0 0 (+) 0 0
[2020/09/24-12:25:58] [x] exp from 1970/01/01-00:00:00 to 2020/09/24-12:25:58: (0) 0 0 (1) 0 0 (2) 0 0 (+) 0 0
[2020/09/24-12:25:59] [i] No congestion collapse predicted.
[2020/09/24-12:25:59] [i] ionwarn finished.
[2020/09/24-12:37:23] [?] Can't find ION security database.
[2020/09/24-12:37:23] [i] ipnfw forwarder has ended.
[2020/09/24-12:37:23] [i] Endpoint has been stopped.
[2020/09/24-12:37:23] [i] Administrative endpoint terminated.
[2020/09/24-12:37:23] [i] ipnadminep has ended.
[2020/09/24-12:37:23] [i] Plan has been stopped: ipn:1.0
[2020/09/24-12:37:23] [i] bpclm has ended: ipn:1.0
[2020/09/24-12:37:23] [i] bptransit has ended.
[2020/09/24-12:37:23] [i] bpclock has ended.
[2020/09/24-12:37:24] [i] bpclm has ended: ipn:2.0
[2020/09/24-12:37:25] at line 745 of cfdp/library/libcfdpP.c, Can't find CFDP database.
[2020/09/24-12:37:26] at line 1244 of ltp/library/libltpP.c, Can't find LTP database.
[2020/09/24-12:37:27] [i] rfxclock has ended.
