[2020/09/16-20:59:05] at line 2100 of bpv6/library/libbpP.c, Can't find BP database.
[2020/09/16-20:59:06] at line 745 of cfdp/library/libcfdpP.c, Can't find CFDP database.
[2020/09/16-20:59:07] at line 1244 of ltp/library/libltpP.c, Can't find LTP database.
[2020/09/16-20:59:44] [i] rfxclock is running.
[2020/09/16-20:59:44] [i] No congestion collapse predicted.
[2020/09/16-20:59:44] [i] ionwarn finished.
[2020/09/16-20:59:45] [i] This node deploys bundle protocol version 6.
[2020/09/16-20:59:45] [?] Can't find ION security database.
[2020/09/16-20:59:45] [?] Warning: running without bundle security.
[2020/09/16-20:59:46] [i] No congestion collapse predicted.
[2020/09/16-20:59:46] [i] ionwarn finished.
[2020/09/16-20:59:46] [?] Can't find ION security database.
[2020/09/16-20:59:46] [?] Unknown duct: tcp/172.31.37.132:4556
[2020/09/16-20:59:46] [?]   Attaching duct to plan: ipn:1.0
[2020/09/16-20:59:46] [?] Can't find ION security database.
[2020/09/16-20:59:46] [i] bpclm is running: ipn:2.0
[2020/09/16-20:59:46] [?] Can't find ION security database.
[2020/09/16-20:59:46] [i] bpclm is running: ipn:1.0
[2020/09/16-21:00:03] [?] Can't find ION security database.
[2020/09/16-21:00:03] [?] Can't find ION security database.
[2020/09/16-21:00:03] [i] tcpclo is deprecated.  tcpcl outducts are now drained by tcpcli threads.
[2020/09/16-21:00:03] [?] Can't find ION security database.
[2020/09/16-21:00:03] [i] ipnfw is running.
[2020/09/16-21:00:03] [?] Can't find ION security database.
[2020/09/16-21:00:03] [i] ipnadminep is running.
[2020/09/16-21:00:03] [?] Can't find ION security database.
[2020/09/16-21:00:03] [i] bpclock is running.
[2020/09/16-21:00:03] [?] Can't find ION security database.
[2020/09/16-21:00:03] [i] tcpcli is running [172.31.37.132:4556].
[2020/09/16-21:00:03] [i] Connected to TCP socket: 172.31.32.101:4556
[2020/09/16-21:00:03] [?] Can't find ION security database.
[2020/09/16-21:00:03] [i] bptransit is running.
[2020/09/16-21:00:04] [i] tcpcli admin thread has started: ipn:2.0
[2020/09/16-21:00:04] [i] tcpcli sender thread has started: ipn:2.0
[2020/09/16-21:00:04] [x] src from 1970/01/01-00:00:00 to 2020/09/16-21:00:04: (0) 0 0 (1) 0 0 (2) 0 0 (+) 0 0
[2020/09/16-21:00:04] [x] fwd from 1970/01/01-00:00:00 to 2020/09/16-21:00:04: (0) 0 0 (1) 0 0 (2) 0 0 (+) 0 0
[2020/09/16-21:00:04] [x] xmt from 1970/01/01-00:00:00 to 2020/09/16-21:00:04: (0) 0 0 (1) 0 0 (2) 0 0 (+) 0 0
[2020/09/16-21:00:04] [x] rcv from 1970/01/01-00:00:00 to 2020/09/16-21:00:04: (0) 0 0 (1) 0 0 (2) 0 0 (+) 0 0
[2020/09/16-21:00:04] [x] dlv from 1970/01/01-00:00:00 to 2020/09/16-21:00:04: (0) 0 0 (1) 0 0 (2) 0 0 (+) 0 0
[2020/09/16-21:00:04] [x] ctr from 1970/01/01-00:00:00 to 2020/09/16-21:00:04: (0) 0 0 (1) 0 0 (2) 0 0 (+) 0 0
[2020/09/16-21:00:04] [x] rfw from 1970/01/01-00:00:00 to 2020/09/16-21:00:04: (0) 0 0 (1) 0 0 (2) 0 0 (+) 0 0
[2020/09/16-21:00:04] [x] exp from 1970/01/01-00:00:00 to 2020/09/16-21:00:04: (0) 0 0 (1) 0 0 (2) 0 0 (+) 0 0
[2020/09/16-21:00:09] [i] tcpcli admin thread has started: ipn:2.0
[2020/09/16-21:00:09] [i] tcpcli sender thread has started: ipn:2.0
[2020/09/16-21:00:15] [?] Can't find ION security database.
[2020/09/16-21:00:36] [?] Can't find ION security database.
[2020/09/16-21:00:41] [?] Malformed EID: 2.1
[2020/09/16-21:00:41] [?] Destination EID malformed: 2.1
[2020/09/16-21:00:41] at line 238 of bpv6/test/bpsource.c, bpsource can't send ADU.
[2020/09/16-21:00:41] [i] Stopping bpsource.
[2020/09/16-21:00:47] [?] Can't find ION security database.
[2020/09/16-21:00:50] [?] Malformed EID: 2.1
[2020/09/16-21:00:50] [?] Destination EID malformed: 2.1
[2020/09/16-21:00:50] at line 238 of bpv6/test/bpsource.c, bpsource can't send ADU.
[2020/09/16-21:00:50] [i] Stopping bpsource.
[2020/09/16-21:01:02] [?] Can't find ION security database.
[2020/09/16-21:01:05] [?] Malformed EID: 2.1
[2020/09/16-21:01:05] [?] Destination EID malformed: 2.1
[2020/09/16-21:01:05] at line 238 of bpv6/test/bpsource.c, bpsource can't send ADU.
[2020/09/16-21:01:05] [i] Stopping bpsource.
[2020/09/16-21:01:23] [?] Can't find ION security database.
[2020/09/16-21:01:24] [?] Malformed EID: 2.1
[2020/09/16-21:01:24] [?] Destination EID malformed: 2.1
[2020/09/16-21:01:24] at line 238 of bpv6/test/bpsource.c, bpsource can't send ADU.
[2020/09/16-21:01:24] [i] Stopping bpsource.
[2020/09/16-21:01:40] [?] Can't find ION security database.
[2020/09/16-21:02:20] [?] Can't find ION security database.
[2020/09/16-21:02:23] [?] Malformed EID: 2.1
[2020/09/16-21:02:23] [?] Destination EID malformed: 2.1
[2020/09/16-21:02:23] at line 238 of bpv6/test/bpsource.c, bpsource can't send ADU.
[2020/09/16-21:02:23] [i] Stopping bpsource.
[2020/09/16-21:02:49] [?] Can't find ION security database.
[2020/09/16-21:36:49] [i] Stopping bpsource.
[2020/09/16-21:36:56] [i] tcpcli admin thread has ended: ipn:2.0
[2020/09/16-21:36:56] [i] Outduct has been stopped: #:7
[2020/09/16-21:36:56] [i] tcpcli session output stopped: #:7
[2020/09/16-21:36:56] [i] tcpcli sender thread has ended: ipn:2.0
[2020/09/16-21:36:56] [i] tcpcli receiver thread has ended: ipn:2.0
[2020/09/16-21:36:56] [i] tcpcli admin thread has ended: ipn:2.0
[2020/09/16-21:36:56] [i] Outduct has been stopped: 172.31.32.101:4556
[2020/09/16-21:36:56] [i] tcpcli session output stopped: 172.31.32.101:4556
[2020/09/16-21:36:56] [i] tcpcli sender thread has ended: ipn:2.0
[2020/09/16-21:36:58] [i] Can't connect to TCP socket (refused): 172.31.32.101:4556
[2020/09/16-21:36:58] [i] tcpcli unable to reconnect: ipn:2.0
[2020/09/16-21:36:59] [?] Can't find ION security database.
[2020/09/16-21:36:59] [i] ipnfw forwarder has ended.
[2020/09/16-21:36:59] [i] Endpoint has been stopped.
[2020/09/16-21:36:59] [i] Administrative endpoint terminated.
[2020/09/16-21:36:59] [i] ipnadminep has ended.
[2020/09/16-21:36:59] [i] Plan has been stopped: ipn:2.0
[2020/09/16-21:36:59] [i] bpclm has ended: ipn:2.0
[2020/09/16-21:36:59] [i] tcpcli server thread has ended.
[2020/09/16-21:36:59] [i] bptransit has ended.
[2020/09/16-21:36:59] [i] bpclock has ended.
[2020/09/16-21:36:59] [i] bpclm has ended: ipn:1.0
[2020/09/16-21:37:00] [i] tcpcli receiver thread has ended: ipn:2.0
[2020/09/16-21:37:02] [i] tcpcli clock thread has ended.
[2020/09/16-21:37:02] [i] tcpcli has ended.
[2020/09/16-21:37:03] at line 745 of cfdp/library/libcfdpP.c, Can't find CFDP database.
[2020/09/16-21:37:04] at line 1244 of ltp/library/libltpP.c, Can't find LTP database.
[2020/09/16-21:37:05] [i] rfxclock has ended.
[2020/09/20-13:41:47] [i] rfxclock is running.
[2020/09/20-13:41:47] [i] No congestion collapse predicted.
[2020/09/20-13:41:47] [i] ionwarn finished.
[2020/09/20-13:41:48] [i] This node deploys bundle protocol version 6.
[2020/09/20-13:41:48] [?] Can't find ION security database.
[2020/09/20-13:41:48] [?] Warning: running without bundle security.
[2020/09/20-13:41:49] [i] No congestion collapse predicted.
[2020/09/20-13:41:49] [i] ionwarn finished.
[2020/09/20-13:41:49] [?] Can't find ION security database.
[2020/09/20-13:41:49] [?] Can't find ION security database.
[2020/09/20-13:41:49] [i] bpclm is running: ipn:1.0
[2020/09/20-13:41:49] [?] Can't find ION security database.
[2020/09/20-13:41:49] [i] bpclm is running: ipn:2.0
[2020/09/20-13:42:08] [?] Can't find ION security database.
[2020/09/20-13:42:08] [?] Can't find ION security database.
[2020/09/20-13:42:08] [i] tcpclo is deprecated.  tcpcl outducts are now drained by tcpcli threads.
[2020/09/20-13:42:08] [?] Can't find ION security database.
[2020/09/20-13:42:08] [i] tcpclo is deprecated.  tcpcl outducts are now drained by tcpcli threads.
[2020/09/20-13:42:08] [?] Can't find ION security database.
[2020/09/20-13:42:08] [i] tcpcli is running [172.31.37.132:4556].
[2020/09/20-13:42:08] [?] Can't find ION security database.
[2020/09/20-13:42:08] [i] ipnadminep is running.
[2020/09/20-13:42:08] [i] Connected to TCP socket: 172.31.37.132:4556
[2020/09/20-13:42:08] [i] Can't connect to TCP socket (refused): 172.31.32.101:4556
[2020/09/20-13:42:08] [?] Can't find ION security database.
[2020/09/20-13:42:08] [i] ipnfw is running.
[2020/09/20-13:42:08] [?] Can't find ION security database.
[2020/09/20-13:42:08] [i] bpclock is running.
[2020/09/20-13:42:08] [?] Can't find ION security database.
[2020/09/20-13:42:08] [i] bptransit is running.
[2020/09/20-13:42:09] [i] tcpcli admin thread has started: ipn:1.0
[2020/09/20-13:42:09] [i] tcpcli sender thread has started: ipn:1.0
[2020/09/20-13:42:09] [i] Can't connect to TCP socket (refused): 172.31.32.101:4556
[2020/09/20-13:42:09] [i] tcpcli admin thread has started: ipn:1.0
[2020/09/20-13:42:09] [i] tcpcli sender thread has started: ipn:1.0
[2020/09/20-13:42:09] [x] src from 1970/01/01-00:00:00 to 2020/09/20-13:42:09: (0) 0 0 (1) 0 0 (2) 0 0 (+) 0 0
[2020/09/20-13:42:09] [x] fwd from 1970/01/01-00:00:00 to 2020/09/20-13:42:09: (0) 0 0 (1) 0 0 (2) 0 0 (+) 0 0
[2020/09/20-13:42:09] [x] xmt from 1970/01/01-00:00:00 to 2020/09/20-13:42:09: (0) 0 0 (1) 0 0 (2) 0 0 (+) 0 0
[2020/09/20-13:42:09] [x] rcv from 1970/01/01-00:00:00 to 2020/09/20-13:42:09: (0) 0 0 (1) 0 0 (2) 0 0 (+) 0 0
[2020/09/20-13:42:09] [x] dlv from 1970/01/01-00:00:00 to 2020/09/20-13:42:09: (0) 0 0 (1) 0 0 (2) 0 0 (+) 0 0
[2020/09/20-13:42:09] [x] ctr from 1970/01/01-00:00:00 to 2020/09/20-13:42:09: (0) 0 0 (1) 0 0 (2) 0 0 (+) 0 0
[2020/09/20-13:42:09] [x] rfw from 1970/01/01-00:00:00 to 2020/09/20-13:42:09: (0) 0 0 (1) 0 0 (2) 0 0 (+) 0 0
[2020/09/20-13:42:09] [x] exp from 1970/01/01-00:00:00 to 2020/09/20-13:42:09: (0) 0 0 (1) 0 0 (2) 0 0 (+) 0 0
[2020/09/20-13:42:11] [i] Can't connect to TCP socket (refused): 172.31.32.101:4556
[2020/09/20-13:42:15] [i] Can't connect to TCP socket (refused): 172.31.32.101:4556
[2020/09/20-13:42:23] [i] Can't connect to TCP socket (refused): 172.31.32.101:4556
[2020/09/20-13:42:39] [i] Can't connect to TCP socket (refused): 172.31.32.101:4556
[2020/09/20-13:42:59] [i] Can't connect to TCP socket (refused): 172.31.32.101:4556
[2020/09/20-13:43:19] [i] Can't connect to TCP socket (refused): 172.31.32.101:4556
[2020/09/20-13:43:33] [?] Can't find ION security database.
[2020/09/20-13:43:39] [i] Can't connect to TCP socket (refused): 172.31.32.101:4556
[2020/09/20-13:43:42] [?] Can't find ION security database.
[2020/09/20-13:43:51] [i] Stopping bpsource.
[2020/09/20-13:43:59] [i] Can't connect to TCP socket (refused): 172.31.32.101:4556
[2020/09/20-13:43:59] [?] Can't find ION security database.
[2020/09/20-13:43:59] [i] ipnfw forwarder has ended.
[2020/09/20-13:43:59] [i] Endpoint has been stopped.
[2020/09/20-13:43:59] [i] Administrative endpoint terminated.
[2020/09/20-13:43:59] [i] ipnadminep has ended.
[2020/09/20-13:43:59] [i] Plan has been stopped: ipn:1.0
[2020/09/20-13:43:59] [i] bpclm has ended: ipn:1.0
[2020/09/20-13:43:59] [i] Plan has been stopped: ipn:2.0
[2020/09/20-13:43:59] [i] bpclm has ended: ipn:2.0
[2020/09/20-13:43:59] [i] tcpcli server thread has ended.
[2020/09/20-13:43:59] [i] bptransit has ended.
[2020/09/20-13:43:59] [i] bpclock has ended.
[2020/09/20-13:44:00] [i] tcpcli admin thread has ended: ipn:1.0
[2020/09/20-13:44:00] [i] tcpcli admin thread has ended: ipn:1.0
[2020/09/20-13:44:00] [i] Outduct has been stopped: #:7
[2020/09/20-13:44:00] [i] tcpcli session output stopped: #:7
[2020/09/20-13:44:00] [i] tcpcli sender thread has ended: ipn:1.0
[2020/09/20-13:44:00] [i] Outduct has been stopped: 172.31.37.132:4556
[2020/09/20-13:44:00] [i] tcpcli session output stopped: 172.31.37.132:4556
[2020/09/20-13:44:00] [i] tcpcli sender thread has ended: ipn:1.0
[2020/09/20-13:44:00] [i] tcpcli receiver thread has ended: ipn:1.0
[2020/09/20-13:44:00] [i] tcpcli receiver thread has ended: ipn:1.0
[2020/09/20-13:44:02] [i] tcpcli clock thread has ended.
[2020/09/20-13:44:02] [i] tcpcli has ended.
[2020/09/20-13:44:03] at line 745 of cfdp/library/libcfdpP.c, Can't find CFDP database.
[2020/09/20-13:44:04] at line 1244 of ltp/library/libltpP.c, Can't find LTP database.
[2020/09/20-13:44:05] [i] rfxclock has ended.
