This file contains any messages produced by compilers while
running configure, to aid debugging if configure makes a mistake.

It was created by ion configure open source 3.7.1/4.0.0, which was
generated by GNU Autoconf 2.69.  Invocation command line was

  $ ./configure --no-create --no-recursion

## --------- ##
## Platform. ##
## --------- ##

hostname = ip-172-32-230-229.ec2.internal
uname -m = x86_64
uname -r = 4.14.193-149.317.amzn2.x86_64
uname -s = Linux
uname -v = #1 SMP Thu Sep 3 19:04:44 UTC 2020

/usr/bin/uname -p = x86_64
/bin/uname -X     = unknown

/bin/arch              = x86_64
/usr/bin/arch -k       = unknown
/usr/convex/getsysinfo = unknown
/usr/bin/hostinfo      = unknown
/bin/machine           = unknown
/usr/bin/oslevel       = unknown
/bin/universe          = unknown

PATH: /home/ec2-user/Spatiam/IonDTN-3.7.1-AWS-CIMS/ion-open-source-3.7.1
PATH: /usr/local/bin
PATH: /usr/bin
PATH: /usr/local/sbin
PATH: /usr/sbin
PATH: /home/ec2-user/.local/bin
PATH: /home/ec2-user/bin


## ----------- ##
## Core tests. ##
## ----------- ##

configure:2376: checking for a BSD-compatible install
configure:2444: result: /usr/bin/install -c
configure:2455: checking whether build environment is sane
configure:2510: result: yes
configure:2661: checking for a thread-safe mkdir -p
configure:2700: result: /usr/bin/mkdir -p
configure:2707: checking for gawk
configure:2723: found /usr/bin/gawk
configure:2734: result: gawk
configure:2745: checking whether make sets $(MAKE)
configure:2767: result: yes
configure:2796: checking whether make supports nested variables
configure:2813: result: yes
configure:2954: checking for gcc
configure:2970: found /usr/bin/gcc
configure:2981: result: gcc
configure:3210: checking for C compiler version
configure:3219: gcc --version >&5
gcc (GCC) 7.3.1 20180712 (Red Hat 7.3.1-9)
Copyright (C) 2017 Free Software Foundation, Inc.
This is free software; see the source for copying conditions.  There is NO
warranty; not even for MERCHANTABILITY or FITNESS FOR A PARTICULAR PURPOSE.

configure:3230: $? = 0
configure:3219: gcc -v >&5
Using built-in specs.
COLLECT_GCC=gcc
COLLECT_LTO_WRAPPER=/usr/libexec/gcc/x86_64-redhat-linux/7/lto-wrapper
Target: x86_64-redhat-linux
Configured with: ../configure --enable-bootstrap --enable-languages=c,c++,objc,obj-c++,fortran,ada,go,lto --prefix=/usr --mandir=/usr/share/man --infodir=/usr/share/info --with-bugurl=http://bugzilla.redhat.com/bugzilla --enable-shared --enable-threads=posix --enable-checking=release --enable-multilib --with-system-zlib --enable-__cxa_atexit --disable-libunwind-exceptions --enable-gnu-unique-object --enable-linker-build-id --with-gcc-major-version-only --with-linker-hash-style=gnu --enable-plugin --enable-initfini-array --with-isl --enable-libmpx --enable-libsanitizer --enable-gnu-indirect-function --enable-libcilkrts --enable-libatomic --enable-libquadmath --enable-libitm --with-tune=generic --with-arch_32=x86-64 --build=x86_64-redhat-linux
Thread model: posix
gcc version 7.3.1 20180712 (Red Hat 7.3.1-9) (GCC) 
configure:3230: $? = 0
configure:3219: gcc -V >&5
gcc: error: unrecognized command line option '-V'
gcc: fatal error: no input files
compilation terminated.
configure:3230: $? = 1
configure:3219: gcc -qversion >&5
gcc: error: unrecognized command line option '-qversion'; did you mean '--version'?
gcc: fatal error: no input files
compilation terminated.
configure:3230: $? = 1
configure:3250: checking whether the C compiler works
configure:3272: gcc    conftest.c  >&5
configure:3276: $? = 0
configure:3324: result: yes
configure:3327: checking for C compiler default output file name
configure:3329: result: a.out
configure:3335: checking for suffix of executables
configure:3342: gcc -o conftest    conftest.c  >&5
configure:3346: $? = 0
configure:3368: result: 
configure:3390: checking whether we are cross compiling
configure:3398: gcc -o conftest    conftest.c  >&5
configure:3402: $? = 0
configure:3409: ./conftest
configure:3413: $? = 0
configure:3428: result: no
configure:3433: checking for suffix of object files
configure:3455: gcc -c   conftest.c >&5
configure:3459: $? = 0
configure:3480: result: o
configure:3484: checking whether we are using the GNU C compiler
configure:3503: gcc -c   conftest.c >&5
configure:3503: $? = 0
configure:3512: result: yes
configure:3521: checking whether gcc accepts -g
configure:3541: gcc -c -g  conftest.c >&5
configure:3541: $? = 0
configure:3582: result: yes
configure:3599: checking for gcc option to accept ISO C89
configure:3662: gcc  -c -g -O2  conftest.c >&5
configure:3662: $? = 0
configure:3675: result: none needed
configure:3696: checking whether gcc and cc understand -c and -o together
configure:3727: gcc -c conftest.c -o conftest2.o >&5
configure:3731: $? = 0
configure:3737: gcc -c conftest.c -o conftest2.o >&5
configure:3741: $? = 0
configure:3752: cc -c conftest.c >&5
configure:3756: $? = 0
configure:3764: cc -c conftest.c -o conftest2.o >&5
configure:3768: $? = 0
configure:3774: cc -c conftest.c -o conftest2.o >&5
configure:3778: $? = 0
configure:3796: result: yes
configure:3872: checking for ar
configure:3888: found /usr/bin/ar
configure:3899: result: ar
configure:3925: checking the archiver (ar) interface
configure:3935: gcc -c -g -O2  conftest.c >&5
configure:3935: $? = 0
configure:3937: ar cru libconftest.a conftest.o >&5
configure:3940: $? = 0
configure:3963: result: ar
configure:4012: checking build system type
configure:4026: result: x86_64-unknown-linux-gnu
configure:4046: checking host system type
configure:4059: result: x86_64-unknown-linux-gnu
configure:4100: checking how to print strings
configure:4127: result: printf
configure:4148: checking for a sed that does not truncate output
configure:4212: result: /usr/bin/sed
configure:4230: checking for grep that handles long lines and -e
configure:4288: result: /usr/bin/grep
configure:4293: checking for egrep
configure:4355: result: /usr/bin/grep -E
configure:4360: checking for fgrep
configure:4422: result: /usr/bin/grep -F
configure:4457: checking for ld used by gcc
configure:4524: result: /usr/bin/ld
configure:4531: checking if the linker (/usr/bin/ld) is GNU ld
configure:4546: result: yes
configure:4558: checking for BSD- or MS-compatible name lister (nm)
configure:4607: result: /usr/bin/nm -B
configure:4737: checking the name lister (/usr/bin/nm -B) interface
configure:4744: gcc -c -g -O2  conftest.c >&5
configure:4747: /usr/bin/nm -B "conftest.o"
configure:4750: output
0000000000000000 B some_variable
configure:4757: result: BSD nm
configure:4760: checking whether ln -s works
configure:4764: result: yes
configure:4772: checking the maximum length of command line arguments
configure:4902: result: 1572864
configure:4919: checking whether the shell understands some XSI constructs
configure:4929: result: yes
configure:4933: checking whether the shell understands "+="
configure:4939: result: yes
configure:4974: checking how to convert x86_64-unknown-linux-gnu file names to x86_64-unknown-linux-gnu format
configure:5014: result: func_convert_file_noop
configure:5021: checking how to convert x86_64-unknown-linux-gnu file names to toolchain format
configure:5041: result: func_convert_file_noop
configure:5048: checking for /usr/bin/ld option to reload object files
configure:5055: result: -r
configure:5129: checking for objdump
configure:5145: found /usr/bin/objdump
configure:5156: result: objdump
configure:5188: checking how to recognize dependent libraries
configure:5390: result: pass_all
configure:5475: checking for dlltool
configure:5505: result: no
configure:5535: checking how to associate runtime and link libraries
configure:5562: result: printf %s\n
configure:5686: checking for archiver @FILE support
configure:5703: gcc -c -g -O2  conftest.c >&5
configure:5703: $? = 0
configure:5706: ar cru libconftest.a @conftest.lst >&5
configure:5709: $? = 0
configure:5714: ar cru libconftest.a @conftest.lst >&5
ar: conftest.o: No such file or directory
configure:5717: $? = 1
configure:5729: result: @
configure:5787: checking for strip
configure:5803: found /usr/bin/strip
configure:5814: result: strip
configure:5886: checking for ranlib
configure:5902: found /usr/bin/ranlib
configure:5913: result: ranlib
configure:6015: checking command to parse /usr/bin/nm -B output from gcc object
configure:6135: gcc -c -g -O2  conftest.c >&5
configure:6138: $? = 0
configure:6142: /usr/bin/nm -B conftest.o \| sed -n -e 's/^.*[ ]\([ABCDGIRSTW][ABCDGIRSTW]*\)[ ][ ]*\([_A-Za-z][_A-Za-z0-9]*\)$/\1 \2 \2/p' | sed '/ __gnu_lto/d' \> conftest.nm
configure:6145: $? = 0
configure:6211: gcc -o conftest -g -O2   conftest.c conftstm.o >&5
configure:6214: $? = 0
configure:6252: result: ok
configure:6289: checking for sysroot
configure:6319: result: no
configure:6396: gcc -c -g -O2  conftest.c >&5
configure:6399: $? = 0
configure:6575: checking for mt
configure:6605: result: no
configure:6625: checking if : is a manifest tool
configure:6631: : '-?'
configure:6639: result: no
configure:7281: checking how to run the C preprocessor
configure:7312: gcc -E  conftest.c
configure:7312: $? = 0
configure:7326: gcc -E  conftest.c
conftest.c:11:10: fatal error: ac_nonexistent.h: No such file or directory
 #include <ac_nonexistent.h>
          ^~~~~~~~~~~~~~~~~~
compilation terminated.
configure:7326: $? = 1
configure: failed program was:
| /* confdefs.h */
| #define PACKAGE_NAME "ion"
| #define PACKAGE_TARNAME "ion"
| #define PACKAGE_VERSION "open source 3.7.1/4.0.0"
| #define PACKAGE_STRING "ion open source 3.7.1/4.0.0"
| #define PACKAGE_BUGREPORT "ion-dtn-support@lists.sourceforge.net"
| #define PACKAGE_URL ""
| #define PACKAGE "ion"
| #define VERSION "open source 3.7.1/4.0.0"
| /* end confdefs.h.  */
| #include <ac_nonexistent.h>
configure:7351: result: gcc -E
configure:7371: gcc -E  conftest.c
configure:7371: $? = 0
configure:7385: gcc -E  conftest.c
conftest.c:11:10: fatal error: ac_nonexistent.h: No such file or directory
 #include <ac_nonexistent.h>
          ^~~~~~~~~~~~~~~~~~
compilation terminated.
configure:7385: $? = 1
configure: failed program was:
| /* confdefs.h */
| #define PACKAGE_NAME "ion"
| #define PACKAGE_TARNAME "ion"
| #define PACKAGE_VERSION "open source 3.7.1/4.0.0"
| #define PACKAGE_STRING "ion open source 3.7.1/4.0.0"
| #define PACKAGE_BUGREPORT "ion-dtn-support@lists.sourceforge.net"
| #define PACKAGE_URL ""
| #define PACKAGE "ion"
| #define VERSION "open source 3.7.1/4.0.0"
| /* end confdefs.h.  */
| #include <ac_nonexistent.h>
configure:7414: checking for ANSI C header files
configure:7434: gcc -c -g -O2  conftest.c >&5
configure:7434: $? = 0
configure:7507: gcc -o conftest -g -O2   conftest.c  >&5
configure:7507: $? = 0
configure:7507: ./conftest
configure:7507: $? = 0
configure:7518: result: yes
configure:7531: checking for sys/types.h
configure:7531: gcc -c -g -O2  conftest.c >&5
configure:7531: $? = 0
configure:7531: result: yes
configure:7531: checking for sys/stat.h
configure:7531: gcc -c -g -O2  conftest.c >&5
configure:7531: $? = 0
configure:7531: result: yes
configure:7531: checking for stdlib.h
configure:7531: gcc -c -g -O2  conftest.c >&5
configure:7531: $? = 0
configure:7531: result: yes
configure:7531: checking for string.h
configure:7531: gcc -c -g -O2  conftest.c >&5
configure:7531: $? = 0
configure:7531: result: yes
configure:7531: checking for memory.h
configure:7531: gcc -c -g -O2  conftest.c >&5
configure:7531: $? = 0
configure:7531: result: yes
configure:7531: checking for strings.h
configure:7531: gcc -c -g -O2  conftest.c >&5
configure:7531: $? = 0
configure:7531: result: yes
configure:7531: checking for inttypes.h
configure:7531: gcc -c -g -O2  conftest.c >&5
configure:7531: $? = 0
configure:7531: result: yes
configure:7531: checking for stdint.h
configure:7531: gcc -c -g -O2  conftest.c >&5
configure:7531: $? = 0
configure:7531: result: yes
configure:7531: checking for unistd.h
configure:7531: gcc -c -g -O2  conftest.c >&5
configure:7531: $? = 0
configure:7531: result: yes
configure:7545: checking for dlfcn.h
configure:7545: gcc -c -g -O2  conftest.c >&5
configure:7545: $? = 0
configure:7545: result: yes
configure:7751: checking for objdir
configure:7766: result: .libs
configure:8037: checking if gcc supports -fno-rtti -fno-exceptions
configure:8055: gcc -c -g -O2  -fno-rtti -fno-exceptions conftest.c >&5
cc1: warning: command line option '-fno-rtti' is valid for C++/ObjC++ but not for C
configure:8059: $? = 0
configure:8072: result: no
configure:8399: checking for gcc option to produce PIC
configure:8406: result: -fPIC -DPIC
configure:8414: checking if gcc PIC flag -fPIC -DPIC works
configure:8432: gcc -c -g -O2  -fPIC -DPIC -DPIC conftest.c >&5
configure:8436: $? = 0
configure:8449: result: yes
configure:8478: checking if gcc static flag -static works
configure:8506: result: no
configure:8521: checking if gcc supports -c -o file.o
configure:8542: gcc -c -g -O2  -o out/conftest2.o conftest.c >&5
configure:8546: $? = 0
configure:8568: result: yes
configure:8576: checking if gcc supports -c -o file.o
configure:8623: result: yes
configure:8656: checking whether the gcc linker (/usr/bin/ld -m elf_x86_64) supports shared libraries
configure:9809: result: yes
configure:9846: checking whether -lc should be explicitly linked in
configure:9854: gcc -c -g -O2  conftest.c >&5
configure:9857: $? = 0
configure:9872: gcc -shared  -fPIC -DPIC conftest.o  -v -Wl,-soname -Wl,conftest -o conftest 2\>\&1 \| /usr/bin/grep  -lc  \>/dev/null 2\>\&1
configure:9875: $? = 0
configure:9889: result: no
configure:10049: checking dynamic linker characteristics
configure:10560: gcc -o conftest -g -O2   -Wl,-rpath -Wl,/foo conftest.c  >&5
configure:10560: $? = 0
configure:10786: result: GNU/Linux ld.so
configure:10893: checking how to hardcode library paths into programs
configure:10918: result: immediate
configure:11458: checking whether stripping libraries is possible
configure:11463: result: yes
configure:11498: checking if libtool supports shared libraries
configure:11500: result: yes
configure:11503: checking whether to build shared libraries
configure:11524: result: yes
configure:11527: checking whether to build static libraries
configure:11531: result: yes
configure:11569: checking whether make sets $(MAKE)
configure:11591: result: yes
configure:11606: checking for pow
configure:11606: gcc -o conftest -g -O2   conftest.c  >&5
conftest.c:46:6: warning: conflicting types for built-in function 'pow' [-Wbuiltin-declaration-mismatch]
 char pow ();
      ^~~
/tmp/ccpDGKNb.o: In function `main':
/home/ec2-user/Spatiam/MarsNeT-C/ion-open-source-3.7.1/conftest.c:57: undefined reference to `pow'
collect2: error: ld returned 1 exit status
configure:11606: $? = 1
configure: failed program was:
| /* confdefs.h */
| #define PACKAGE_NAME "ion"
| #define PACKAGE_TARNAME "ion"
| #define PACKAGE_VERSION "open source 3.7.1/4.0.0"
| #define PACKAGE_STRING "ion open source 3.7.1/4.0.0"
| #define PACKAGE_BUGREPORT "ion-dtn-support@lists.sourceforge.net"
| #define PACKAGE_URL ""
| #define PACKAGE "ion"
| #define VERSION "open source 3.7.1/4.0.0"
| #define STDC_HEADERS 1
| #define HAVE_SYS_TYPES_H 1
| #define HAVE_SYS_STAT_H 1
| #define HAVE_STDLIB_H 1
| #define HAVE_STRING_H 1
| #define HAVE_MEMORY_H 1
| #define HAVE_STRINGS_H 1
| #define HAVE_INTTYPES_H 1
| #define HAVE_STDINT_H 1
| #define HAVE_UNISTD_H 1
| #define HAVE_DLFCN_H 1
| #define LT_OBJDIR ".libs/"
| /* end confdefs.h.  */
| /* Define pow to an innocuous variant, in case <limits.h> declares pow.
|    For example, HP-UX 11i <limits.h> declares gettimeofday.  */
| #define pow innocuous_pow
| 
| /* System header to define __stub macros and hopefully few prototypes,
|     which can conflict with char pow (); below.
|     Prefer <limits.h> to <assert.h> if __STDC__ is defined, since
|     <limits.h> exists even on freestanding compilers.  */
| 
| #ifdef __STDC__
| # include <limits.h>
| #else
| # include <assert.h>
| #endif
| 
| #undef pow
| 
| /* Override any GCC internal prototype to avoid an error.
|    Use char because int might match the return type of a GCC
|    builtin and then its argument prototype would still apply.  */
| #ifdef __cplusplus
| extern "C"
| #endif
| char pow ();
| /* The GNU C library defines this for functions which it implements
|     to always fail with ENOSYS.  Some functions are actually named
|     something starting with __ and the normal name is an alias.  */
| #if defined __stub_pow || defined __stub___pow
| choke me
| #endif
| 
| int
| main ()
| {
| return pow ();
|   ;
|   return 0;
| }
configure:11606: result: no
configure:11659: checking for DCCP support
configure:11745: gcc -o conftest -g -O2   conftest.c  >&5
configure:11745: $? = 0
configure:11745: ./conftest
configure:11745: $? = 0
configure:11746: result: yes
configure:12113: checking valgrind/valgrind.h usability
configure:12113: gcc -c -g -O2 -DNOEXPAT  conftest.c >&5
conftest.c:58:10: fatal error: valgrind/valgrind.h: No such file or directory
 #include <valgrind/valgrind.h>
          ^~~~~~~~~~~~~~~~~~~~~
compilation terminated.
configure:12113: $? = 1
configure: failed program was:
| /* confdefs.h */
| #define PACKAGE_NAME "ion"
| #define PACKAGE_TARNAME "ion"
| #define PACKAGE_VERSION "open source 3.7.1/4.0.0"
| #define PACKAGE_STRING "ion open source 3.7.1/4.0.0"
| #define PACKAGE_BUGREPORT "ion-dtn-support@lists.sourceforge.net"
| #define PACKAGE_URL ""
| #define PACKAGE "ion"
| #define VERSION "open source 3.7.1/4.0.0"
| #define STDC_HEADERS 1
| #define HAVE_SYS_TYPES_H 1
| #define HAVE_SYS_STAT_H 1
| #define HAVE_STDLIB_H 1
| #define HAVE_STRING_H 1
| #define HAVE_MEMORY_H 1
| #define HAVE_STRINGS_H 1
| #define HAVE_INTTYPES_H 1
| #define HAVE_STDINT_H 1
| #define HAVE_UNISTD_H 1
| #define HAVE_DLFCN_H 1
| #define LT_OBJDIR ".libs/"
| #define linux 1
| #define build_dccp 1
| /* end confdefs.h.  */
| #include <stdio.h>
| #ifdef HAVE_SYS_TYPES_H
| # include <sys/types.h>
| #endif
| #ifdef HAVE_SYS_STAT_H
| # include <sys/stat.h>
| #endif
| #ifdef STDC_HEADERS
| # include <stdlib.h>
| # include <stddef.h>
| #else
| # ifdef HAVE_STDLIB_H
| #  include <stdlib.h>
| # endif
| #endif
| #ifdef HAVE_STRING_H
| # if !defined STDC_HEADERS && defined HAVE_MEMORY_H
| #  include <memory.h>
| # endif
| # include <string.h>
| #endif
| #ifdef HAVE_STRINGS_H
| # include <strings.h>
| #endif
| #ifdef HAVE_INTTYPES_H
| # include <inttypes.h>
| #endif
| #ifdef HAVE_STDINT_H
| # include <stdint.h>
| #endif
| #ifdef HAVE_UNISTD_H
| # include <unistd.h>
| #endif
| #include <valgrind/valgrind.h>
configure:12113: result: no
configure:12113: checking valgrind/valgrind.h presence
configure:12113: gcc -E  conftest.c
conftest.c:25:10: fatal error: valgrind/valgrind.h: No such file or directory
 #include <valgrind/valgrind.h>
          ^~~~~~~~~~~~~~~~~~~~~
compilation terminated.
configure:12113: $? = 1
configure: failed program was:
| /* confdefs.h */
| #define PACKAGE_NAME "ion"
| #define PACKAGE_TARNAME "ion"
| #define PACKAGE_VERSION "open source 3.7.1/4.0.0"
| #define PACKAGE_STRING "ion open source 3.7.1/4.0.0"
| #define PACKAGE_BUGREPORT "ion-dtn-support@lists.sourceforge.net"
| #define PACKAGE_URL ""
| #define PACKAGE "ion"
| #define VERSION "open source 3.7.1/4.0.0"
| #define STDC_HEADERS 1
| #define HAVE_SYS_TYPES_H 1
| #define HAVE_SYS_STAT_H 1
| #define HAVE_STDLIB_H 1
| #define HAVE_STRING_H 1
| #define HAVE_MEMORY_H 1
| #define HAVE_STRINGS_H 1
| #define HAVE_INTTYPES_H 1
| #define HAVE_STDINT_H 1
| #define HAVE_UNISTD_H 1
| #define HAVE_DLFCN_H 1
| #define LT_OBJDIR ".libs/"
| #define linux 1
| #define build_dccp 1
| /* end confdefs.h.  */
| #include <valgrind/valgrind.h>
configure:12113: result: no
configure:12113: checking for valgrind/valgrind.h
configure:12113: result: no
configure:12252: checking for XML_GetCurrentLineNumber in -lexpat
configure:12277: gcc -o conftest  -Dlinux -DSPACE_ORDER=3 -fno-strict-aliasing -DVNAME=ION-OPEN-SOURCE-3.7.1 -DBUILD_BPv6 -DENABLE_BPACS -DENABLE_IMC -DENABLE_MANPAGES -g -O2 -DNOEXPAT   conftest.c -lexpat   >&5
/usr/bin/ld: cannot find -lexpat
collect2: error: ld returned 1 exit status
configure:12277: $? = 1
configure: failed program was:
| /* confdefs.h */
| #define PACKAGE_NAME "ion"
| #define PACKAGE_TARNAME "ion"
| #define PACKAGE_VERSION "open source 3.7.1/4.0.0"
| #define PACKAGE_STRING "ion open source 3.7.1/4.0.0"
| #define PACKAGE_BUGREPORT "ion-dtn-support@lists.sourceforge.net"
| #define PACKAGE_URL ""
| #define PACKAGE "ion"
| #define VERSION "open source 3.7.1/4.0.0"
| #define STDC_HEADERS 1
| #define HAVE_SYS_TYPES_H 1
| #define HAVE_SYS_STAT_H 1
| #define HAVE_STDLIB_H 1
| #define HAVE_STRING_H 1
| #define HAVE_MEMORY_H 1
| #define HAVE_STRINGS_H 1
| #define HAVE_INTTYPES_H 1
| #define HAVE_STDINT_H 1
| #define HAVE_UNISTD_H 1
| #define HAVE_DLFCN_H 1
| #define LT_OBJDIR ".libs/"
| #define linux 1
| #define build_dccp 1
| /* end confdefs.h.  */
| 
| /* Override any GCC internal prototype to avoid an error.
|    Use char because int might match the return type of a GCC
|    builtin and then its argument prototype would still apply.  */
| #ifdef __cplusplus
| extern "C"
| #endif
| char XML_GetCurrentLineNumber ();
| int
| main ()
| {
| return XML_GetCurrentLineNumber ();
|   ;
|   return 0;
| }
configure:12286: result: no
configure:12295: WARNING: If you wish to use XML configuration files for AMS you will need to compile against the Expat XML development libraries.  To do this install the libexpat1-dev library then recompile ION using the "./configure --with-expat" flag.
configure:12302: checking for pthread_create in -lpthread
configure:12327: gcc -o conftest  -Dlinux -DSPACE_ORDER=3 -fno-strict-aliasing -DVNAME=ION-OPEN-SOURCE-3.7.1 -DBUILD_BPv6 -DENABLE_BPACS -DENABLE_IMC -DENABLE_MANPAGES -g -O2 -DNOEXPAT   conftest.c -lpthread   >&5
configure:12327: $? = 0
configure:12336: result: yes
configure:12347: checking for mysql_real_connect in -lmysqlclient
configure:12372: gcc -o conftest -g -O2 -DNOEXPAT   conftest.c -lmysqlclient   >&5
/usr/bin/ld: cannot find -lmysqlclient
collect2: error: ld returned 1 exit status
configure:12372: $? = 1
configure: failed program was:
| /* confdefs.h */
| #define PACKAGE_NAME "ion"
| #define PACKAGE_TARNAME "ion"
| #define PACKAGE_VERSION "open source 3.7.1/4.0.0"
| #define PACKAGE_STRING "ion open source 3.7.1/4.0.0"
| #define PACKAGE_BUGREPORT "ion-dtn-support@lists.sourceforge.net"
| #define PACKAGE_URL ""
| #define PACKAGE "ion"
| #define VERSION "open source 3.7.1/4.0.0"
| #define STDC_HEADERS 1
| #define HAVE_SYS_TYPES_H 1
| #define HAVE_SYS_STAT_H 1
| #define HAVE_STDLIB_H 1
| #define HAVE_STRING_H 1
| #define HAVE_MEMORY_H 1
| #define HAVE_STRINGS_H 1
| #define HAVE_INTTYPES_H 1
| #define HAVE_STDINT_H 1
| #define HAVE_UNISTD_H 1
| #define HAVE_DLFCN_H 1
| #define LT_OBJDIR ".libs/"
| #define linux 1
| #define build_dccp 1
| /* end confdefs.h.  */
| 
| /* Override any GCC internal prototype to avoid an error.
|    Use char because int might match the return type of a GCC
|    builtin and then its argument prototype would still apply.  */
| #ifdef __cplusplus
| extern "C"
| #endif
| char mysql_real_connect ();
| int
| main ()
| {
| return mysql_real_connect ();
|   ;
|   return 0;
| }
configure:12381: result: no
configure:12390: WARNING: If you wish to use MySQL for NM you will need to install the libmysqlclient.
configure:12397: checking for initscr in -lncurses
configure:12422: gcc -o conftest -g -O2 -DNOEXPAT   conftest.c -lncurses   >&5
/usr/bin/ld: cannot find -lncurses
collect2: error: ld returned 1 exit status
configure:12422: $? = 1
configure: failed program was:
| /* confdefs.h */
| #define PACKAGE_NAME "ion"
| #define PACKAGE_TARNAME "ion"
| #define PACKAGE_VERSION "open source 3.7.1/4.0.0"
| #define PACKAGE_STRING "ion open source 3.7.1/4.0.0"
| #define PACKAGE_BUGREPORT "ion-dtn-support@lists.sourceforge.net"
| #define PACKAGE_URL ""
| #define PACKAGE "ion"
| #define VERSION "open source 3.7.1/4.0.0"
| #define STDC_HEADERS 1
| #define HAVE_SYS_TYPES_H 1
| #define HAVE_SYS_STAT_H 1
| #define HAVE_STDLIB_H 1
| #define HAVE_STRING_H 1
| #define HAVE_MEMORY_H 1
| #define HAVE_STRINGS_H 1
| #define HAVE_INTTYPES_H 1
| #define HAVE_STDINT_H 1
| #define HAVE_UNISTD_H 1
| #define HAVE_DLFCN_H 1
| #define LT_OBJDIR ".libs/"
| #define linux 1
| #define build_dccp 1
| /* end confdefs.h.  */
| 
| /* Override any GCC internal prototype to avoid an error.
|    Use char because int might match the return type of a GCC
|    builtin and then its argument prototype would still apply.  */
| #ifdef __cplusplus
| extern "C"
| #endif
| char initscr ();
| int
| main ()
| {
| return initscr ();
|   ;
|   return 0;
| }
configure:12431: result: no
configure:12440: WARNING: If you wish to use the NCURSES TUI for NM you will need to install the NCURSES library.
configure:12452: checking for pod2man
configure:12468: found /usr/bin/pod2man
configure:12479: result: pod2man
configure:12501: checking for ps2pdf
configure:12534: result: no
configure:12541: checking for pdf2ps
configure:12574: result: no
configure:12581: checking for psjoin
configure:12614: result: no
configure:12621: checking for pdfjoin
configure:12654: result: no
configure:12659: checking for fallback included psjoin
configure:12663: result: /home/ec2-user/Spatiam/MarsNeT-C/ion-open-source-3.7.1/doc/psjoin
configure:12669: checking for fallback included pdfjoin
configure:12673: result: /home/ec2-user/Spatiam/MarsNeT-C/ion-open-source-3.7.1/doc/pdfjoin
configure:12681: checking for groff
configure:12699: found /usr/bin/groff
configure:12711: result: /usr/bin/groff
configure:12719: checking if groff suports -ms
configure:12726: result: not found
configure:12728: try installing groff and the ms plugin
configure:12736: checking for man
configure:12754: found /usr/bin/man
configure:12766: result: /usr/bin/man
configure:12774: checking if man supports -l
configure:12777: result: /usr/bin/man
configure:12789: checking for tools to build autodoc
configure:12798: result: not found (skipping autodoc)
configure:12800: Ensure the ghostscript, psutils, groff-base and groff packages are installed.
configure:12818: checking for dirent.h that defines DIR
configure:12837: gcc -c -g -O2 -DNOEXPAT  conftest.c >&5
configure:12837: $? = 0
configure:12845: result: yes
configure:12858: checking for library containing opendir
configure:12889: gcc -o conftest -g -O2 -DNOEXPAT   conftest.c  >&5
configure:12889: $? = 0
configure:12906: result: none required
configure:12973: checking for ANSI C header files
configure:13077: result: yes
configure:13085: checking for sys/wait.h that is POSIX.1 compatible
configure:13111: gcc -c -g -O2 -DNOEXPAT  conftest.c >&5
configure:13111: $? = 0
configure:13118: result: yes
configure:13129: checking fcntl.h usability
configure:13129: gcc -c -g -O2 -DNOEXPAT  conftest.c >&5
configure:13129: $? = 0
configure:13129: result: yes
configure:13129: checking fcntl.h presence
configure:13129: gcc -E  conftest.c
configure:13129: $? = 0
configure:13129: result: yes
configure:13129: checking for fcntl.h
configure:13129: result: yes
configure:13129: checking malloc.h usability
configure:13129: gcc -c -g -O2 -DNOEXPAT  conftest.c >&5
configure:13129: $? = 0
configure:13129: result: yes
configure:13129: checking malloc.h presence
configure:13129: gcc -E  conftest.c
configure:13129: $? = 0
configure:13129: result: yes
configure:13129: checking for malloc.h
configure:13129: result: yes
configure:13129: checking netdb.h usability
configure:13129: gcc -c -g -O2 -DNOEXPAT  conftest.c >&5
configure:13129: $? = 0
configure:13129: result: yes
configure:13129: checking netdb.h presence
configure:13129: gcc -E  conftest.c
configure:13129: $? = 0
configure:13129: result: yes
configure:13129: checking for netdb.h
configure:13129: result: yes
configure:13129: checking netinet/in.h usability
configure:13129: gcc -c -g -O2 -DNOEXPAT  conftest.c >&5
configure:13129: $? = 0
configure:13129: result: yes
configure:13129: checking netinet/in.h presence
configure:13129: gcc -E  conftest.c
configure:13129: $? = 0
configure:13129: result: yes
configure:13129: checking for netinet/in.h
configure:13129: result: yes
configure:13129: checking stddef.h usability
configure:13129: gcc -c -g -O2 -DNOEXPAT  conftest.c >&5
configure:13129: $? = 0
configure:13129: result: yes
configure:13129: checking stddef.h presence
configure:13129: gcc -E  conftest.c
configure:13129: $? = 0
configure:13129: result: yes
configure:13129: checking for stddef.h
configure:13129: result: yes
configure:13129: checking for stdlib.h
configure:13129: result: yes
configure:13129: checking for string.h
configure:13129: result: yes
configure:13129: checking sys/ioctl.h usability
configure:13129: gcc -c -g -O2 -DNOEXPAT  conftest.c >&5
configure:13129: $? = 0
configure:13129: result: yes
configure:13129: checking sys/ioctl.h presence
configure:13129: gcc -E  conftest.c
configure:13129: $? = 0
configure:13129: result: yes
configure:13129: checking for sys/ioctl.h
configure:13129: result: yes
configure:13129: checking sys/param.h usability
configure:13129: gcc -c -g -O2 -DNOEXPAT  conftest.c >&5
configure:13129: $? = 0
configure:13129: result: yes
configure:13129: checking sys/param.h presence
configure:13129: gcc -E  conftest.c
configure:13129: $? = 0
configure:13129: result: yes
configure:13129: checking for sys/param.h
configure:13129: result: yes
configure:13129: checking sys/socket.h usability
configure:13129: gcc -c -g -O2 -DNOEXPAT  conftest.c >&5
configure:13129: $? = 0
configure:13129: result: yes
configure:13129: checking sys/socket.h presence
configure:13129: gcc -E  conftest.c
configure:13129: $? = 0
configure:13129: result: yes
configure:13129: checking for sys/socket.h
configure:13129: result: yes
configure:13129: checking sys/time.h usability
configure:13129: gcc -c -g -O2 -DNOEXPAT  conftest.c >&5
configure:13129: $? = 0
configure:13129: result: yes
configure:13129: checking sys/time.h presence
configure:13129: gcc -E  conftest.c
configure:13129: $? = 0
configure:13129: result: yes
configure:13129: checking for sys/time.h
configure:13129: result: yes
configure:13129: checking for unistd.h
configure:13129: result: yes
configure:13140: checking for an ANSI C-conforming const
configure:13206: gcc -c -g -O2 -DNOEXPAT  conftest.c >&5
configure:13206: $? = 0
configure:13213: result: yes
configure:13221: checking for size_t
configure:13221: gcc -c -g -O2 -DNOEXPAT  conftest.c >&5
configure:13221: $? = 0
configure:13221: gcc -c -g -O2 -DNOEXPAT  conftest.c >&5
conftest.c: In function 'main':
conftest.c:76:21: error: expected expression before ')' token
 if (sizeof ((size_t)))
                     ^
configure:13221: $? = 1
configure: failed program was:
| /* confdefs.h */
| #define PACKAGE_NAME "ion"
| #define PACKAGE_TARNAME "ion"
| #define PACKAGE_VERSION "open source 3.7.1/4.0.0"
| #define PACKAGE_STRING "ion open source 3.7.1/4.0.0"
| #define PACKAGE_BUGREPORT "ion-dtn-support@lists.sourceforge.net"
| #define PACKAGE_URL ""
| #define PACKAGE "ion"
| #define VERSION "open source 3.7.1/4.0.0"
| #define STDC_HEADERS 1
| #define HAVE_SYS_TYPES_H 1
| #define HAVE_SYS_STAT_H 1
| #define HAVE_STDLIB_H 1
| #define HAVE_STRING_H 1
| #define HAVE_MEMORY_H 1
| #define HAVE_STRINGS_H 1
| #define HAVE_INTTYPES_H 1
| #define HAVE_STDINT_H 1
| #define HAVE_UNISTD_H 1
| #define HAVE_DLFCN_H 1
| #define LT_OBJDIR ".libs/"
| #define linux 1
| #define build_dccp 1
| #define HAVE_DIRENT_H 1
| #define STDC_HEADERS 1
| #define HAVE_SYS_WAIT_H 1
| #define HAVE_FCNTL_H 1
| #define HAVE_MALLOC_H 1
| #define HAVE_NETDB_H 1
| #define HAVE_NETINET_IN_H 1
| #define HAVE_STDDEF_H 1
| #define HAVE_STDLIB_H 1
| #define HAVE_STRING_H 1
| #define HAVE_SYS_IOCTL_H 1
| #define HAVE_SYS_PARAM_H 1
| #define HAVE_SYS_SOCKET_H 1
| #define HAVE_SYS_TIME_H 1
| #define HAVE_UNISTD_H 1
| /* end confdefs.h.  */
| #include <stdio.h>
| #ifdef HAVE_SYS_TYPES_H
| # include <sys/types.h>
| #endif
| #ifdef HAVE_SYS_STAT_H
| # include <sys/stat.h>
| #endif
| #ifdef STDC_HEADERS
| # include <stdlib.h>
| # include <stddef.h>
| #else
| # ifdef HAVE_STDLIB_H
| #  include <stdlib.h>
| # endif
| #endif
| #ifdef HAVE_STRING_H
| # if !defined STDC_HEADERS && defined HAVE_MEMORY_H
| #  include <memory.h>
| # endif
| # include <string.h>
| #endif
| #ifdef HAVE_STRINGS_H
| # include <strings.h>
| #endif
| #ifdef HAVE_INTTYPES_H
| # include <inttypes.h>
| #endif
| #ifdef HAVE_STDINT_H
| # include <stdint.h>
| #endif
| #ifdef HAVE_UNISTD_H
| # include <unistd.h>
| #endif
| int
| main ()
| {
| if (sizeof ((size_t)))
| 	    return 0;
|   ;
|   return 0;
| }
configure:13221: result: yes
configure:13232: checking whether time.h and sys/time.h may both be included
configure:13252: gcc -c -g -O2 -DNOEXPAT  conftest.c >&5
configure:13252: $? = 0
configure:13259: result: yes
configure:13267: checking whether struct tm is in sys/time.h or time.h
configure:13287: gcc -c -g -O2 -DNOEXPAT  conftest.c >&5
configure:13287: $? = 0
configure:13294: result: time.h
configure:13302: checking for uid_t in sys/types.h
configure:13321: result: yes
configure:13336: checking for pid_t
configure:13336: gcc -c -g -O2 -DNOEXPAT  conftest.c >&5
configure:13336: $? = 0
configure:13336: gcc -c -g -O2 -DNOEXPAT  conftest.c >&5
conftest.c: In function 'main':
conftest.c:77:20: error: expected expression before ')' token
 if (sizeof ((pid_t)))
                    ^
configure:13336: $? = 1
configure: failed program was:
| /* confdefs.h */
| #define PACKAGE_NAME "ion"
| #define PACKAGE_TARNAME "ion"
| #define PACKAGE_VERSION "open source 3.7.1/4.0.0"
| #define PACKAGE_STRING "ion open source 3.7.1/4.0.0"
| #define PACKAGE_BUGREPORT "ion-dtn-support@lists.sourceforge.net"
| #define PACKAGE_URL ""
| #define PACKAGE "ion"
| #define VERSION "open source 3.7.1/4.0.0"
| #define STDC_HEADERS 1
| #define HAVE_SYS_TYPES_H 1
| #define HAVE_SYS_STAT_H 1
| #define HAVE_STDLIB_H 1
| #define HAVE_STRING_H 1
| #define HAVE_MEMORY_H 1
| #define HAVE_STRINGS_H 1
| #define HAVE_INTTYPES_H 1
| #define HAVE_STDINT_H 1
| #define HAVE_UNISTD_H 1
| #define HAVE_DLFCN_H 1
| #define LT_OBJDIR ".libs/"
| #define linux 1
| #define build_dccp 1
| #define HAVE_DIRENT_H 1
| #define STDC_HEADERS 1
| #define HAVE_SYS_WAIT_H 1
| #define HAVE_FCNTL_H 1
| #define HAVE_MALLOC_H 1
| #define HAVE_NETDB_H 1
| #define HAVE_NETINET_IN_H 1
| #define HAVE_STDDEF_H 1
| #define HAVE_STDLIB_H 1
| #define HAVE_STRING_H 1
| #define HAVE_SYS_IOCTL_H 1
| #define HAVE_SYS_PARAM_H 1
| #define HAVE_SYS_SOCKET_H 1
| #define HAVE_SYS_TIME_H 1
| #define HAVE_UNISTD_H 1
| #define TIME_WITH_SYS_TIME 1
| /* end confdefs.h.  */
| #include <stdio.h>
| #ifdef HAVE_SYS_TYPES_H
| # include <sys/types.h>
| #endif
| #ifdef HAVE_SYS_STAT_H
| # include <sys/stat.h>
| #endif
| #ifdef STDC_HEADERS
| # include <stdlib.h>
| # include <stddef.h>
| #else
| # ifdef HAVE_STDLIB_H
| #  include <stdlib.h>
| # endif
| #endif
| #ifdef HAVE_STRING_H
| # if !defined STDC_HEADERS && defined HAVE_MEMORY_H
| #  include <memory.h>
| # endif
| # include <string.h>
| #endif
| #ifdef HAVE_STRINGS_H
| # include <strings.h>
| #endif
| #ifdef HAVE_INTTYPES_H
| # include <inttypes.h>
| #endif
| #ifdef HAVE_STDINT_H
| # include <stdint.h>
| #endif
| #ifdef HAVE_UNISTD_H
| # include <unistd.h>
| #endif
| int
| main ()
| {
| if (sizeof ((pid_t)))
| 	    return 0;
|   ;
|   return 0;
| }
configure:13336: result: yes
configure:13349: checking vfork.h usability
configure:13349: gcc -c -g -O2 -DNOEXPAT  conftest.c >&5
conftest.c:74:10: fatal error: vfork.h: No such file or directory
 #include <vfork.h>
          ^~~~~~~~~
compilation terminated.
configure:13349: $? = 1
configure: failed program was:
| /* confdefs.h */
| #define PACKAGE_NAME "ion"
| #define PACKAGE_TARNAME "ion"
| #define PACKAGE_VERSION "open source 3.7.1/4.0.0"
| #define PACKAGE_STRING "ion open source 3.7.1/4.0.0"
| #define PACKAGE_BUGREPORT "ion-dtn-support@lists.sourceforge.net"
| #define PACKAGE_URL ""
| #define PACKAGE "ion"
| #define VERSION "open source 3.7.1/4.0.0"
| #define STDC_HEADERS 1
| #define HAVE_SYS_TYPES_H 1
| #define HAVE_SYS_STAT_H 1
| #define HAVE_STDLIB_H 1
| #define HAVE_STRING_H 1
| #define HAVE_MEMORY_H 1
| #define HAVE_STRINGS_H 1
| #define HAVE_INTTYPES_H 1
| #define HAVE_STDINT_H 1
| #define HAVE_UNISTD_H 1
| #define HAVE_DLFCN_H 1
| #define LT_OBJDIR ".libs/"
| #define linux 1
| #define build_dccp 1
| #define HAVE_DIRENT_H 1
| #define STDC_HEADERS 1
| #define HAVE_SYS_WAIT_H 1
| #define HAVE_FCNTL_H 1
| #define HAVE_MALLOC_H 1
| #define HAVE_NETDB_H 1
| #define HAVE_NETINET_IN_H 1
| #define HAVE_STDDEF_H 1
| #define HAVE_STDLIB_H 1
| #define HAVE_STRING_H 1
| #define HAVE_SYS_IOCTL_H 1
| #define HAVE_SYS_PARAM_H 1
| #define HAVE_SYS_SOCKET_H 1
| #define HAVE_SYS_TIME_H 1
| #define HAVE_UNISTD_H 1
| #define TIME_WITH_SYS_TIME 1
| /* end confdefs.h.  */
| #include <stdio.h>
| #ifdef HAVE_SYS_TYPES_H
| # include <sys/types.h>
| #endif
| #ifdef HAVE_SYS_STAT_H
| # include <sys/stat.h>
| #endif
| #ifdef STDC_HEADERS
| # include <stdlib.h>
| # include <stddef.h>
| #else
| # ifdef HAVE_STDLIB_H
| #  include <stdlib.h>
| # endif
| #endif
| #ifdef HAVE_STRING_H
| # if !defined STDC_HEADERS && defined HAVE_MEMORY_H
| #  include <memory.h>
| # endif
| # include <string.h>
| #endif
| #ifdef HAVE_STRINGS_H
| # include <strings.h>
| #endif
| #ifdef HAVE_INTTYPES_H
| # include <inttypes.h>
| #endif
| #ifdef HAVE_STDINT_H
| # include <stdint.h>
| #endif
| #ifdef HAVE_UNISTD_H
| # include <unistd.h>
| #endif
| #include <vfork.h>
configure:13349: result: no
configure:13349: checking vfork.h presence
configure:13349: gcc -E  conftest.c
conftest.c:41:10: fatal error: vfork.h: No such file or directory
 #include <vfork.h>
          ^~~~~~~~~
compilation terminated.
configure:13349: $? = 1
configure: failed program was:
| /* confdefs.h */
| #define PACKAGE_NAME "ion"
| #define PACKAGE_TARNAME "ion"
| #define PACKAGE_VERSION "open source 3.7.1/4.0.0"
| #define PACKAGE_STRING "ion open source 3.7.1/4.0.0"
| #define PACKAGE_BUGREPORT "ion-dtn-support@lists.sourceforge.net"
| #define PACKAGE_URL ""
| #define PACKAGE "ion"
| #define VERSION "open source 3.7.1/4.0.0"
| #define STDC_HEADERS 1
| #define HAVE_SYS_TYPES_H 1
| #define HAVE_SYS_STAT_H 1
| #define HAVE_STDLIB_H 1
| #define HAVE_STRING_H 1
| #define HAVE_MEMORY_H 1
| #define HAVE_STRINGS_H 1
| #define HAVE_INTTYPES_H 1
| #define HAVE_STDINT_H 1
| #define HAVE_UNISTD_H 1
| #define HAVE_DLFCN_H 1
| #define LT_OBJDIR ".libs/"
| #define linux 1
| #define build_dccp 1
| #define HAVE_DIRENT_H 1
| #define STDC_HEADERS 1
| #define HAVE_SYS_WAIT_H 1
| #define HAVE_FCNTL_H 1
| #define HAVE_MALLOC_H 1
| #define HAVE_NETDB_H 1
| #define HAVE_NETINET_IN_H 1
| #define HAVE_STDDEF_H 1
| #define HAVE_STDLIB_H 1
| #define HAVE_STRING_H 1
| #define HAVE_SYS_IOCTL_H 1
| #define HAVE_SYS_PARAM_H 1
| #define HAVE_SYS_SOCKET_H 1
| #define HAVE_SYS_TIME_H 1
| #define HAVE_UNISTD_H 1
| #define TIME_WITH_SYS_TIME 1
| /* end confdefs.h.  */
| #include <vfork.h>
configure:13349: result: no
configure:13349: checking for vfork.h
configure:13349: result: no
configure:13362: checking for fork
configure:13362: gcc -o conftest -g -O2 -DNOEXPAT   conftest.c  >&5
conftest.c:64:6: warning: conflicting types for built-in function 'fork' [-Wbuiltin-declaration-mismatch]
 char fork ();
      ^~~~
configure:13362: $? = 0
configure:13362: result: yes
configure:13362: checking for vfork
configure:13362: gcc -o conftest -g -O2 -DNOEXPAT   conftest.c  >&5
configure:13362: $? = 0
configure:13362: result: yes
configure:13372: checking for working fork
configure:13394: gcc -o conftest -g -O2 -DNOEXPAT   conftest.c  >&5
configure:13394: $? = 0
configure:13394: ./conftest
configure:13394: $? = 0
configure:13404: result: yes
configure:13425: checking for working vfork
configure:13535: result: yes
configure:13561: checking whether gcc needs -traditional
configure:13595: result: no
configure:13606: checking return type of signal handlers
configure:13624: gcc -c -g -O2 -DNOEXPAT  conftest.c >&5
conftest.c: In function 'main':
conftest.c:51:10: error: void value not ignored as it ought to be
 return *(signal (0, 0)) (0) == 1;
         ~^~~~~~~~~~~~~~~~~~
configure:13624: $? = 1
configure: failed program was:
| /* confdefs.h */
| #define PACKAGE_NAME "ion"
| #define PACKAGE_TARNAME "ion"
| #define PACKAGE_VERSION "open source 3.7.1/4.0.0"
| #define PACKAGE_STRING "ion open source 3.7.1/4.0.0"
| #define PACKAGE_BUGREPORT "ion-dtn-support@lists.sourceforge.net"
| #define PACKAGE_URL ""
| #define PACKAGE "ion"
| #define VERSION "open source 3.7.1/4.0.0"
| #define STDC_HEADERS 1
| #define HAVE_SYS_TYPES_H 1
| #define HAVE_SYS_STAT_H 1
| #define HAVE_STDLIB_H 1
| #define HAVE_STRING_H 1
| #define HAVE_MEMORY_H 1
| #define HAVE_STRINGS_H 1
| #define HAVE_INTTYPES_H 1
| #define HAVE_STDINT_H 1
| #define HAVE_UNISTD_H 1
| #define HAVE_DLFCN_H 1
| #define LT_OBJDIR ".libs/"
| #define linux 1
| #define build_dccp 1
| #define HAVE_DIRENT_H 1
| #define STDC_HEADERS 1
| #define HAVE_SYS_WAIT_H 1
| #define HAVE_FCNTL_H 1
| #define HAVE_MALLOC_H 1
| #define HAVE_NETDB_H 1
| #define HAVE_NETINET_IN_H 1
| #define HAVE_STDDEF_H 1
| #define HAVE_STDLIB_H 1
| #define HAVE_STRING_H 1
| #define HAVE_SYS_IOCTL_H 1
| #define HAVE_SYS_PARAM_H 1
| #define HAVE_SYS_SOCKET_H 1
| #define HAVE_SYS_TIME_H 1
| #define HAVE_UNISTD_H 1
| #define TIME_WITH_SYS_TIME 1
| #define HAVE_FORK 1
| #define HAVE_VFORK 1
| #define HAVE_WORKING_VFORK 1
| #define HAVE_WORKING_FORK 1
| /* end confdefs.h.  */
| #include <sys/types.h>
| #include <signal.h>
| 
| int
| main ()
| {
| return *(signal (0, 0)) (0) == 1;
|   ;
|   return 0;
| }
configure:13631: result: void
configure:13644: checking for alarm
configure:13644: gcc -o conftest -g -O2 -DNOEXPAT   conftest.c  >&5
configure:13644: $? = 0
configure:13644: result: yes
configure:13644: checking for ftruncate
configure:13644: gcc -o conftest -g -O2 -DNOEXPAT   conftest.c  >&5
configure:13644: $? = 0
configure:13644: result: yes
configure:13644: checking for getcwd
configure:13644: gcc -o conftest -g -O2 -DNOEXPAT   conftest.c  >&5
configure:13644: $? = 0
configure:13644: result: yes
configure:13644: checking for gethostbyaddr
configure:13644: gcc -o conftest -g -O2 -DNOEXPAT   conftest.c  >&5
configure:13644: $? = 0
configure:13644: result: yes
configure:13644: checking for gethostbyname
configure:13644: gcc -o conftest -g -O2 -DNOEXPAT   conftest.c  >&5
configure:13644: $? = 0
configure:13644: result: yes
configure:13644: checking for gethostname
configure:13644: gcc -o conftest -g -O2 -DNOEXPAT   conftest.c  >&5
configure:13644: $? = 0
configure:13644: result: yes
configure:13644: checking for gettimeofday
configure:13644: gcc -o conftest -g -O2 -DNOEXPAT   conftest.c  >&5
configure:13644: $? = 0
configure:13644: result: yes
configure:13644: checking for memset
configure:13644: gcc -o conftest -g -O2 -DNOEXPAT   conftest.c  >&5
conftest.c:76:6: warning: conflicting types for built-in function 'memset' [-Wbuiltin-declaration-mismatch]
 char memset ();
      ^~~~~~
configure:13644: $? = 0
configure:13644: result: yes
configure:13644: checking for mkdir
configure:13644: gcc -o conftest -g -O2 -DNOEXPAT   conftest.c  >&5
configure:13644: $? = 0
configure:13644: result: yes
configure:13644: checking for mkfifo
configure:13644: gcc -o conftest -g -O2 -DNOEXPAT   conftest.c  >&5
configure:13644: $? = 0
configure:13644: result: yes
configure:13644: checking for rmdir
configure:13644: gcc -o conftest -g -O2 -DNOEXPAT   conftest.c  >&5
configure:13644: $? = 0
configure:13644: result: yes
configure:13644: checking for select
configure:13644: gcc -o conftest -g -O2 -DNOEXPAT   conftest.c  >&5
configure:13644: $? = 0
configure:13644: result: yes
configure:13644: checking for socket
configure:13644: gcc -o conftest -g -O2 -DNOEXPAT   conftest.c  >&5
configure:13644: $? = 0
configure:13644: result: yes
configure:13644: checking for strcasecmp
configure:13644: gcc -o conftest -g -O2 -DNOEXPAT   conftest.c  >&5
conftest.c:82:6: warning: conflicting types for built-in function 'strcasecmp' [-Wbuiltin-declaration-mismatch]
 char strcasecmp ();
      ^~~~~~~~~~
configure:13644: $? = 0
configure:13644: result: yes
configure:13644: checking for strchr
configure:13644: gcc -o conftest -g -O2 -DNOEXPAT   conftest.c  >&5
conftest.c:83:6: warning: conflicting types for built-in function 'strchr' [-Wbuiltin-declaration-mismatch]
 char strchr ();
      ^~~~~~
configure:13644: $? = 0
configure:13644: result: yes
configure:13644: checking for strerror
configure:13644: gcc -o conftest -g -O2 -DNOEXPAT   conftest.c  >&5
configure:13644: $? = 0
configure:13644: result: yes
configure:13644: checking for strncasecmp
configure:13644: gcc -o conftest -g -O2 -DNOEXPAT   conftest.c  >&5
conftest.c:85:6: warning: conflicting types for built-in function 'strncasecmp' [-Wbuiltin-declaration-mismatch]
 char strncasecmp ();
      ^~~~~~~~~~~
configure:13644: $? = 0
configure:13644: result: yes
configure:13644: checking for strstr
configure:13644: gcc -o conftest -g -O2 -DNOEXPAT   conftest.c  >&5
conftest.c:86:6: warning: conflicting types for built-in function 'strstr' [-Wbuiltin-declaration-mismatch]
 char strstr ();
      ^~~~~~
configure:13644: $? = 0
configure:13644: result: yes
configure:13644: checking for strtoul
configure:13644: gcc -o conftest -g -O2 -DNOEXPAT   conftest.c  >&5
configure:13644: $? = 0
configure:13644: result: yes
configure:13644: checking for uname
configure:13644: gcc -o conftest -g -O2 -DNOEXPAT   conftest.c  >&5
configure:13644: $? = 0
configure:13644: result: yes
configure:13808: checking that generated files are newer than configure
configure:13814: result: done
configure:13901: creating ./config.status

## ---------------- ##
## Cache variables. ##
## ---------------- ##

ac_cv_build=x86_64-unknown-linux-gnu
ac_cv_c_compiler_gnu=yes
ac_cv_c_const=yes
ac_cv_env_CC_set=
ac_cv_env_CC_value=
ac_cv_env_CFLAGS_set=
ac_cv_env_CFLAGS_value=
ac_cv_env_CPPFLAGS_set=
ac_cv_env_CPPFLAGS_value=
ac_cv_env_CPP_set=
ac_cv_env_CPP_value=
ac_cv_env_LDFLAGS_set=
ac_cv_env_LDFLAGS_value=
ac_cv_env_LIBS_set=
ac_cv_env_LIBS_value=
ac_cv_env_build_alias_set=
ac_cv_env_build_alias_value=
ac_cv_env_host_alias_set=
ac_cv_env_host_alias_value=
ac_cv_env_target_alias_set=
ac_cv_env_target_alias_value=
ac_cv_func_alarm=yes
ac_cv_func_fork=yes
ac_cv_func_fork_works=yes
ac_cv_func_ftruncate=yes
ac_cv_func_getcwd=yes
ac_cv_func_gethostbyaddr=yes
ac_cv_func_gethostbyname=yes
ac_cv_func_gethostname=yes
ac_cv_func_gettimeofday=yes
ac_cv_func_memset=yes
ac_cv_func_mkdir=yes
ac_cv_func_mkfifo=yes
ac_cv_func_pow=no
ac_cv_func_rmdir=yes
ac_cv_func_select=yes
ac_cv_func_socket=yes
ac_cv_func_strcasecmp=yes
ac_cv_func_strchr=yes
ac_cv_func_strerror=yes
ac_cv_func_strncasecmp=yes
ac_cv_func_strstr=yes
ac_cv_func_strtoul=yes
ac_cv_func_uname=yes
ac_cv_func_vfork=yes
ac_cv_func_vfork_works=yes
ac_cv_header_dirent_dirent_h=yes
ac_cv_header_dlfcn_h=yes
ac_cv_header_fcntl_h=yes
ac_cv_header_inttypes_h=yes
ac_cv_header_malloc_h=yes
ac_cv_header_memory_h=yes
ac_cv_header_netdb_h=yes
ac_cv_header_netinet_in_h=yes
ac_cv_header_stdc=yes
ac_cv_header_stddef_h=yes
ac_cv_header_stdint_h=yes
ac_cv_header_stdlib_h=yes
ac_cv_header_string_h=yes
ac_cv_header_strings_h=yes
ac_cv_header_sys_ioctl_h=yes
ac_cv_header_sys_param_h=yes
ac_cv_header_sys_socket_h=yes
ac_cv_header_sys_stat_h=yes
ac_cv_header_sys_time_h=yes
ac_cv_header_sys_types_h=yes
ac_cv_header_sys_wait_h=yes
ac_cv_header_time=yes
ac_cv_header_unistd_h=yes
ac_cv_header_valgrind_valgrind_h=no
ac_cv_header_vfork_h=no
ac_cv_host=x86_64-unknown-linux-gnu
ac_cv_lib_expat_XML_GetCurrentLineNumber=no
ac_cv_lib_mysqlclient_mysql_real_connect=no
ac_cv_lib_ncurses_initscr=no
ac_cv_lib_pthread_pthread_create=yes
ac_cv_objext=o
ac_cv_path_EGREP='/usr/bin/grep -E'
ac_cv_path_FGREP='/usr/bin/grep -F'
ac_cv_path_GREP=/usr/bin/grep
ac_cv_path_GROFF=/usr/bin/groff
ac_cv_path_MANOPTS=/usr/bin/man
ac_cv_path_SED=/usr/bin/sed
ac_cv_path_install='/usr/bin/install -c'
ac_cv_path_mkdir=/usr/bin/mkdir
ac_cv_prog_AWK=gawk
ac_cv_prog_CPP='gcc -E'
ac_cv_prog_POD_DOCUMENTATION=pod2man
ac_cv_prog_ac_ct_AR=ar
ac_cv_prog_ac_ct_CC=gcc
ac_cv_prog_ac_ct_OBJDUMP=objdump
ac_cv_prog_ac_ct_RANLIB=ranlib
ac_cv_prog_ac_ct_STRIP=strip
ac_cv_prog_cc_c89=
ac_cv_prog_cc_g=yes
ac_cv_prog_cc_gcc_c_o=yes
ac_cv_prog_gcc_traditional=no
ac_cv_prog_make_make_set=yes
ac_cv_search_opendir='none required'
ac_cv_struct_tm=time.h
ac_cv_type_pid_t=yes
ac_cv_type_signal=void
ac_cv_type_size_t=yes
ac_cv_type_uid_t=yes
am_cv_ar_interface=ar
am_cv_make_support_nested_variables=yes
lt_cv_ar_at_file=@
lt_cv_archive_cmds_need_lc=no
lt_cv_deplibs_check_method=pass_all
lt_cv_file_magic_cmd='$MAGIC_CMD'
lt_cv_file_magic_test_file=
lt_cv_ld_reload_flag=-r
lt_cv_nm_interface='BSD nm'
lt_cv_objdir=.libs
lt_cv_path_LD=/usr/bin/ld
lt_cv_path_NM='/usr/bin/nm -B'
lt_cv_path_mainfest_tool=no
lt_cv_prog_compiler_c_o=yes
lt_cv_prog_compiler_pic='-fPIC -DPIC'
lt_cv_prog_compiler_pic_works=yes
lt_cv_prog_compiler_rtti_exceptions=no
lt_cv_prog_compiler_static_works=no
lt_cv_prog_gnu_ld=yes
lt_cv_sharedlib_from_linklib_cmd='printf %s\n'
lt_cv_shlibpath_overrides_runpath=no
lt_cv_sys_global_symbol_pipe='sed -n -e '\''s/^.*[	 ]\([ABCDGIRSTW][ABCDGIRSTW]*\)[	 ][	 ]*\([_A-Za-z][_A-Za-z0-9]*\)$/\1 \2 \2/p'\'' | sed '\''/ __gnu_lto/d'\'''
lt_cv_sys_global_symbol_to_c_name_address='sed -n -e '\''s/^: \([^ ]*\)[ ]*$/  {\"\1\", (void *) 0},/p'\'' -e '\''s/^[ABCDGIRSTW]* \([^ ]*\) \([^ ]*\)$/  {"\2", (void *) \&\2},/p'\'''
lt_cv_sys_global_symbol_to_c_name_address_lib_prefix='sed -n -e '\''s/^: \([^ ]*\)[ ]*$/  {\"\1\", (void *) 0},/p'\'' -e '\''s/^[ABCDGIRSTW]* \([^ ]*\) \(lib[^ ]*\)$/  {"\2", (void *) \&\2},/p'\'' -e '\''s/^[ABCDGIRSTW]* \([^ ]*\) \([^ ]*\)$/  {"lib\2", (void *) \&\2},/p'\'''
lt_cv_sys_global_symbol_to_cdecl='sed -n -e '\''s/^T .* \(.*\)$/extern int \1();/p'\'' -e '\''s/^[ABCDGIRSTW]* .* \(.*\)$/extern char \1;/p'\'''
lt_cv_sys_max_cmd_len=1572864
lt_cv_to_host_file_cmd=func_convert_file_noop
lt_cv_to_tool_file_cmd=func_convert_file_noop

## ----------------- ##
## Output variables. ##
## ----------------- ##

ACLOCAL='${SHELL} /home/ec2-user/Spatiam/MarsNeT-C/ion-open-source-3.7.1/missing aclocal-1.13'
AMTAR='$${TAR-tar}'
AM_BACKSLASH='\'
AM_CFLAGS=' -Dlinux -DSPACE_ORDER=3 -fno-strict-aliasing -DVNAME=ION-OPEN-SOURCE-3.7.1 -DBUILD_BPv6 -DENABLE_BPACS -DENABLE_IMC -DENABLE_MANPAGES'
AM_DEFAULT_V='$(AM_DEFAULT_VERBOSITY)'
AM_DEFAULT_VERBOSITY='1'
AM_LDFLAGS=' -lpthread'
AM_LIBTOOLFLAGS=''
AM_V='$(V)'
AR='ar'
AUTOCONF='${SHELL} /home/ec2-user/Spatiam/MarsNeT-C/ion-open-source-3.7.1/missing autoconf'
AUTOHEADER='${SHELL} /home/ec2-user/Spatiam/MarsNeT-C/ion-open-source-3.7.1/missing autoheader'
AUTOMAKE='${SHELL} /home/ec2-user/Spatiam/MarsNeT-C/ion-open-source-3.7.1/missing automake-1.13'
AWK='gawk'
BUILD_BPv6_FALSE='#'
BUILD_BPv6_TRUE=''
BUILD_BPv7_FALSE=''
BUILD_BPv7_TRUE='#'
BUILD_CONTRIB_FALSE=''
BUILD_CONTRIB_TRUE='#'
BUILD_NM_REST_FALSE=''
BUILD_NM_REST_TRUE='#'
CC='gcc'
CFLAGS='-g -O2 -DNOEXPAT'
CPP='gcc -E'
CPPFLAGS=''
CRYPTO_FALSE=''
CRYPTO_LIBS=''
CRYPTO_TRUE='#'
CYGPATH_W='echo'
DEFS='-DHAVE_CONFIG_H'
DLLTOOL='false'
DSYMUTIL=''
DUMPBIN=''
ECHO_C=''
ECHO_N='-n'
ECHO_T=''
EGREP='/usr/bin/grep -E'
ENABLE_AUTODOC_FALSE=''
ENABLE_AUTODOC_TRUE='#'
ENABLE_BPACS_FALSE='#'
ENABLE_BPACS_TRUE=''
ENABLE_EXPAT_FALSE=''
ENABLE_EXPAT_TRUE='#'
ENABLE_GCOV_FALSE=''
ENABLE_GCOV_TRUE='#'
ENABLE_IMC_FALSE='#'
ENABLE_IMC_TRUE=''
ENABLE_MANPAGES_FALSE='#'
ENABLE_MANPAGES_TRUE=''
ENABLE_MYSQL_FALSE=''
ENABLE_MYSQL_TRUE='#'
ENABLE_NCURSES_FALSE=''
ENABLE_NCURSES_TRUE='#'
EXEEXT=''
EXPAT_LIBS=''
FGREP='/usr/bin/grep -F'
GREP='/usr/bin/grep'
GROFF='/usr/bin/groff'
GROFFMS=''
INSTALL_DATA='${INSTALL} -m 644'
INSTALL_PROGRAM='${INSTALL}'
INSTALL_SCRIPT='${INSTALL}'
INSTALL_STRIP_PROGRAM='$(install_sh) -c -s'
ION_NASA_B_FALSE=''
ION_NASA_B_TRUE='#'
LD='/usr/bin/ld -m elf_x86_64'
LDFLAGS=''
LIBOBJS=''
LIBS=''
LIBTOOL='$(SHELL) $(top_builddir)/libtool'
LINUX_BUILD_FALSE='#'
LINUX_BUILD_TRUE=''
LIPO=''
LN_S='ln -s'
LTLIBOBJS=''
MAKEINFO='${SHELL} /home/ec2-user/Spatiam/MarsNeT-C/ion-open-source-3.7.1/missing makeinfo'
MANIFEST_TOOL=':'
MANOPTS='/usr/bin/man'
MKDIR_P='/usr/bin/mkdir -p'
MYSQL_LIBS=''
NCURSES_LIBS=''
NM='/usr/bin/nm -B'
NMEDIT=''
OBJDUMP='objdump'
OBJEXT='o'
OTOOL64=''
OTOOL=''
PACKAGE='ion'
PACKAGE_BUGREPORT='ion-dtn-support@lists.sourceforge.net'
PACKAGE_NAME='ion'
PACKAGE_STRING='ion open source 3.7.1/4.0.0'
PACKAGE_TARNAME='ion'
PACKAGE_URL=''
PACKAGE_VERSION='open source 3.7.1/4.0.0'
PATH_SEPARATOR=':'
PDF2PS=''
PDFJOIN='/home/ec2-user/Spatiam/MarsNeT-C/ion-open-source-3.7.1/doc/pdfjoin'
POD_DOCUMENTATION='pod2man'
PS2PDF=''
PSJOIN='/home/ec2-user/Spatiam/MarsNeT-C/ion-open-source-3.7.1/doc/psjoin'
RANLIB='ranlib'
SED='/usr/bin/sed'
SET_MAKE=''
SHELL='/bin/sh'
SOLARIS_STUDIO_CC_FALSE=''
SOLARIS_STUDIO_CC_TRUE='#'
STRIP='strip'
VALGRIND_COMPAT_CFLAGS=''
VERSION='open source 3.7.1/4.0.0'
WINDOWS_FALSE=''
WINDOWS_TRUE='#'
ac_ct_AR='ar'
ac_ct_CC='gcc'
ac_ct_DUMPBIN=''
am__EXEEXT_FALSE=''
am__EXEEXT_TRUE='#'
am__isrc=''
am__leading_dot='.'
am__tar='$${TAR-tar} chof - "$$tardir"'
am__untar='$${TAR-tar} xf -'
bindir='${exec_prefix}/bin'
build='x86_64-unknown-linux-gnu'
build_alias=''
build_cpu='x86_64'
build_os='linux-gnu'
build_vendor='unknown'
datadir='${datarootdir}'
datarootdir='${prefix}/share'
docdir='${datarootdir}/doc/${PACKAGE_TARNAME}'
dvidir='${docdir}'
exec_prefix='${prefix}'
host='x86_64-unknown-linux-gnu'
host_alias=''
host_cpu='x86_64'
host_os='linux-gnu'
host_vendor='unknown'
htmldir='${docdir}'
includedir='${prefix}/include'
infodir='${datarootdir}/info'
install_sh='${SHELL} /home/ec2-user/Spatiam/MarsNeT-C/ion-open-source-3.7.1/install-sh'
libdir='${exec_prefix}/lib'
libexecdir='${exec_prefix}/libexec'
localedir='${datarootdir}/locale'
localstatedir='${prefix}/var'
mandir='${datarootdir}/man'
mkdir_p='$(MKDIR_P)'
oldincludedir='/usr/include'
pdfdir='${docdir}'
prefix='/usr/local'
program_transform_name='s,x,x,'
psdir='${docdir}'
sbindir='${exec_prefix}/sbin'
sharedstatedir='${prefix}/com'
sysconfdir='${prefix}/etc'
target_alias=''

## ----------- ##
## confdefs.h. ##
## ----------- ##

/* confdefs.h */
#define PACKAGE_NAME "ion"
#define PACKAGE_TARNAME "ion"
#define PACKAGE_VERSION "open source 3.7.1/4.0.0"
#define PACKAGE_STRING "ion open source 3.7.1/4.0.0"
#define PACKAGE_BUGREPORT "ion-dtn-support@lists.sourceforge.net"
#define PACKAGE_URL ""
#define PACKAGE "ion"
#define VERSION "open source 3.7.1/4.0.0"
#define STDC_HEADERS 1
#define HAVE_SYS_TYPES_H 1
#define HAVE_SYS_STAT_H 1
#define HAVE_STDLIB_H 1
#define HAVE_STRING_H 1
#define HAVE_MEMORY_H 1
#define HAVE_STRINGS_H 1
#define HAVE_INTTYPES_H 1
#define HAVE_STDINT_H 1
#define HAVE_UNISTD_H 1
#define HAVE_DLFCN_H 1
#define LT_OBJDIR ".libs/"
#define linux 1
#define build_dccp 1
#define HAVE_DIRENT_H 1
#define STDC_HEADERS 1
#define HAVE_SYS_WAIT_H 1
#define HAVE_FCNTL_H 1
#define HAVE_MALLOC_H 1
#define HAVE_NETDB_H 1
#define HAVE_NETINET_IN_H 1
#define HAVE_STDDEF_H 1
#define HAVE_STDLIB_H 1
#define HAVE_STRING_H 1
#define HAVE_SYS_IOCTL_H 1
#define HAVE_SYS_PARAM_H 1
#define HAVE_SYS_SOCKET_H 1
#define HAVE_SYS_TIME_H 1
#define HAVE_UNISTD_H 1
#define TIME_WITH_SYS_TIME 1
#define HAVE_FORK 1
#define HAVE_VFORK 1
#define HAVE_WORKING_VFORK 1
#define HAVE_WORKING_FORK 1
#define RETSIGTYPE void
#define HAVE_ALARM 1
#define HAVE_FTRUNCATE 1
#define HAVE_GETCWD 1
#define HAVE_GETHOSTBYADDR 1
#define HAVE_GETHOSTBYNAME 1
#define HAVE_GETHOSTNAME 1
#define HAVE_GETTIMEOFDAY 1
#define HAVE_MEMSET 1
#define HAVE_MKDIR 1
#define HAVE_MKFIFO 1
#define HAVE_RMDIR 1
#define HAVE_SELECT 1
#define HAVE_SOCKET 1
#define HAVE_STRCASECMP 1
#define HAVE_STRCHR 1
#define HAVE_STRERROR 1
#define HAVE_STRNCASECMP 1
#define HAVE_STRSTR 1
#define HAVE_STRTOUL 1
#define HAVE_UNAME 1

configure: exit 0

## ---------------------- ##
## Running config.status. ##
## ---------------------- ##

This file was extended by ion config.status open source 3.7.1/4.0.0, which was
generated by GNU Autoconf 2.69.  Invocation command line was

  CONFIG_FILES    = 
  CONFIG_HEADERS  = 
  CONFIG_LINKS    = 
  CONFIG_COMMANDS = 
  $ ./config.status 

on ip-172-32-230-229.ec2.internal

config.status:1162: creating Makefile
config.status:1162: creating contrib/Makefile
config.status:1162: creating config.h
config.status:1343: config.h is unchanged
config.status:1391: executing libtool commands

## ---------------------- ##
## Running config.status. ##
## ---------------------- ##

This file was extended by ion config.status open source 3.7.1/4.0.0, which was
generated by GNU Autoconf 2.69.  Invocation command line was

  CONFIG_FILES    = 
  CONFIG_HEADERS  = 
  CONFIG_LINKS    = 
  CONFIG_COMMANDS = 
  $ ./config.status config.h

on ip-172-32-230-229.ec2.internal

config.status:1162: creating config.h
config.status:1343: config.h is unchanged
